Build started 2012-04-05 오전 4:14:45.
     1>Project "D:\연구\tracking 관련 작업\IMC Tracker\Release 관련\VTD_CODE_V5.0\VTD\VTD\VTD.vcxproj" on node 2 (build target(s)).
     1>InitializeBuildStatus:
         Creating "Release\VTD.unsuccessfulbuild" because "AlwaysCreate" was specified.
       ClCompile:
         All outputs are up-to-date.
         C:\Program Files\Microsoft Visual Studio 10.0\VC\bin\CL.exe /c /Zi /nologo /W3 /WX- /O2 /Oi /Oy- /GL /D WIN32 /D _WINDOWS /D NDEBUG /D _UNICODE /D UNICODE /D _AFXDLL /Gm- /EHsc /MD /GS /Gy /fp:precise /Zc:wchar_t /Zc:forScope /Fo"Release\\" /Fd"Release\vc100.pdb" /Gd /TP /analyze- /errorReport:prompt VTDDlg.cpp
         VTDDlg.cpp
     1>c:\program files\opencv\0.97\include\cvcompat.h(786): warning C4819: The file contains a character that cannot be represented in the current code page (949). Save the file in Unicode format to prevent data loss
       ResourceCompile:
         All outputs are up-to-date.
       Link:
         C:\Program Files\Microsoft Visual Studio 10.0\VC\bin\link.exe /ERRORREPORT:PROMPT /OUT:"D:\연구\tracking 관련 작업\IMC Tracker\Release 관련\VTD_CODE_V5.0\VTD\Release\VTD.exe" /INCREMENTAL:NO /NOLOGO lib/highgui.lib lib/cv.lib lib/cvhaartraining.lib lib/DSPCA.lib lib/phase.lib lib/mclmcrrt.lib /MANIFEST /ManifestFile:"Release\VTD.exe.intermediate.manifest" /MANIFESTUAC:"level='asInvoker' uiAccess='false'" /DEBUG /PDB:"D:\연구\tracking 관련 작업\IMC Tracker\Release 관련\VTD_CODE_V5.0\VTD\Release\VTD.pdb" /SUBSYSTEM:WINDOWS /OPT:REF /OPT:ICF /LTCG /TLBID:1 /ENTRY:"wWinMainCRTStartup" /DYNAMICBASE /NXCOMPAT /IMPLIB:"D:\연구\tracking 관련 작업\IMC Tracker\Release 관련\VTD_CODE_V5.0\VTD\Release\VTD.lib" /MACHINE:X86 Release\VTD.res
         Release\dd_dist.obj
         Release\observation.obj
         Release\particles.obj
         Release\utils.obj
         Release\stdafx.obj
         Release\Track.obj
         Release\VTD.obj
         Release\VTDDlg.obj
         Generating code
         Finished generating code
         VTD.vcxproj -> D:\연구\tracking 관련 작업\IMC Tracker\Release 관련\VTD_CODE_V5.0\VTD\Release\VTD.exe
       Manifest:
         C:\Program Files\Microsoft SDKs\Windows\v7.0A\bin\mt.exe /nologo /verbose /outputresource:"D:\연구\tracking 관련 작업\IMC Tracker\Release 관련\VTD_CODE_V5.0\VTD\Release\VTD.exe;#1" /manifest Release\VTD.exe.intermediate.manifest "C:\Program Files\Microsoft Visual Studio 10.0\VC\Include\Manifest\dpiaware.manifest"
       FinalizeBuildStatus:
         Deleting file "Release\VTD.unsuccessfulbuild".
         Touching "Release\VTD.lastbuildstate".
     1>Done Building Project "D:\연구\tracking 관련 작업\IMC Tracker\Release 관련\VTD_CODE_V5.0\VTD\VTD\VTD.vcxproj" (build target(s)).

Build succeeded.

Time Elapsed 00:00:08.28
