D:\연구\TRACKING 관련 작업\IMC TRACKER\RELEASE 관련\VTD_CODE_V5.0\VTD\RELEASE\VTD.EXE
D:\연구\TRACKING 관련 작업\IMC TRACKER\RELEASE 관련\VTD_CODE_V5.0\VTD\RELEASE\VTD.PDB
D:\연구\tracking 관련 작업\IMC Tracker\Release 관련\VTD_CODE_V5.0\VTD\VTD\Release\cl.command.1.tlog
D:\연구\tracking 관련 작업\IMC Tracker\Release 관련\VTD_CODE_V5.0\VTD\VTD\Release\CL.read.1.tlog
D:\연구\tracking 관련 작업\IMC Tracker\Release 관련\VTD_CODE_V5.0\VTD\VTD\Release\CL.write.1.tlog
D:\연구\TRACKING 관련 작업\IMC TRACKER\RELEASE 관련\VTD_CODE_V5.0\VTD\VTD\RELEASE\DD_DIST.OBJ
D:\연구\tracking 관련 작업\IMC Tracker\Release 관련\VTD_CODE_V5.0\VTD\VTD\Release\link.command.1.tlog
D:\연구\tracking 관련 작업\IMC Tracker\Release 관련\VTD_CODE_V5.0\VTD\VTD\Release\link.read.1.tlog
D:\연구\tracking 관련 작업\IMC Tracker\Release 관련\VTD_CODE_V5.0\VTD\VTD\Release\link.write.1.tlog
D:\연구\tracking 관련 작업\IMC Tracker\Release 관련\VTD_CODE_V5.0\VTD\VTD\Release\link-cvtres.read.1.tlog
D:\연구\tracking 관련 작업\IMC Tracker\Release 관련\VTD_CODE_V5.0\VTD\VTD\Release\link-cvtres.write.1.tlog
D:\연구\tracking 관련 작업\IMC Tracker\Release 관련\VTD_CODE_V5.0\VTD\VTD\Release\mt.command.1.tlog
D:\연구\tracking 관련 작업\IMC Tracker\Release 관련\VTD_CODE_V5.0\VTD\VTD\Release\mt.read.1.tlog
D:\연구\tracking 관련 작업\IMC Tracker\Release 관련\VTD_CODE_V5.0\VTD\VTD\Release\mt.write.1.tlog
D:\연구\TRACKING 관련 작업\IMC TRACKER\RELEASE 관련\VTD_CODE_V5.0\VTD\VTD\RELEASE\OBSERVATION.OBJ
D:\연구\TRACKING 관련 작업\IMC TRACKER\RELEASE 관련\VTD_CODE_V5.0\VTD\VTD\RELEASE\PARTICLES.OBJ
D:\연구\tracking 관련 작업\IMC Tracker\Release 관련\VTD_CODE_V5.0\VTD\VTD\Release\rc.command.1.tlog
D:\연구\tracking 관련 작업\IMC Tracker\Release 관련\VTD_CODE_V5.0\VTD\VTD\Release\rc.read.1.tlog
D:\연구\tracking 관련 작업\IMC Tracker\Release 관련\VTD_CODE_V5.0\VTD\VTD\Release\rc.write.1.tlog
D:\연구\TRACKING 관련 작업\IMC TRACKER\RELEASE 관련\VTD_CODE_V5.0\VTD\VTD\RELEASE\STDAFX.OBJ
D:\연구\TRACKING 관련 작업\IMC TRACKER\RELEASE 관련\VTD_CODE_V5.0\VTD\VTD\RELEASE\TRACK.OBJ
D:\연구\TRACKING 관련 작업\IMC TRACKER\RELEASE 관련\VTD_CODE_V5.0\VTD\VTD\RELEASE\UTILS.OBJ
D:\연구\TRACKING 관련 작업\IMC TRACKER\RELEASE 관련\VTD_CODE_V5.0\VTD\VTD\RELEASE\VC100.PDB
D:\연구\TRACKING 관련 작업\IMC TRACKER\RELEASE 관련\VTD_CODE_V5.0\VTD\VTD\RELEASE\VTD.EXE.INTERMEDIATE.MANIFEST
D:\연구\TRACKING 관련 작업\IMC TRACKER\RELEASE 관련\VTD_CODE_V5.0\VTD\VTD\RELEASE\VTD.OBJ
D:\연구\TRACKING 관련 작업\IMC TRACKER\RELEASE 관련\VTD_CODE_V5.0\VTD\VTD\RELEASE\VTD.PCH
D:\연구\TRACKING 관련 작업\IMC TRACKER\RELEASE 관련\VTD_CODE_V5.0\VTD\VTD\RELEASE\VTD.RES
D:\연구\TRACKING 관련 작업\IMC TRACKER\RELEASE 관련\VTD_CODE_V5.0\VTD\VTD\RELEASE\VTDDLG.OBJ
